[debug] [2020-02-22T19:06:29.995Z] ----------------------------------------------------------------------
[debug] [2020-02-22T19:06:29.998Z] Command:       C:\Program Files\nodejs\node.exe C:\Users\jikumar\AppData\Roaming\npm\node_modules\firebase-tools\lib\bin\firebase.js init
[debug] [2020-02-22T19:06:29.998Z] CLI Version:   7.13.1
[debug] [2020-02-22T19:06:29.998Z] Platform:      win32
[debug] [2020-02-22T19:06:29.998Z] Node Version:  v12.13.1
[debug] [2020-02-22T19:06:30.001Z] Time:          Sun Feb 23 2020 00:36:29 GMT+0530 (India Standard Time)
[debug] [2020-02-22T19:06:30.001Z] ----------------------------------------------------------------------
[debug] [2020-02-22T19:06:30.001Z] 
[debug] [2020-02-22T19:06:30.013Z] > command requires scopes: ["email","openid","https://www.googleapis.com/auth/cloudplatformprojects.readonly","https://www.googleapis.com/auth/firebase","https://www.googleapis.com/auth/cloud-platform"]
[debug] [2020-02-22T19:06:30.013Z] > authorizing via signed-in user
[info] 
     ######## #### ########  ######## ########     ###     ######  ########
     ##        ##  ##     ## ##       ##     ##  ##   ##  ##       ##
     ######    ##  ########  ######   ########  #########  ######  ######
     ##        ##  ##    ##  ##       ##     ## ##     ##       ## ##
     ##       #### ##     ## ######## ########  ##     ##  ######  ########

You're about to initialize a Firebase project in this directory:

  C:\Users\jikumar\Downloads\Section-Code-Start (6)\Section Code (Start)

[info] 
=== Project Setup
[info] 
[info] First, let's associate this project directory with a Firebase project.
[info] You can create multiple project aliases by running firebase use --add, 
[info] but for now we'll just set up a default project.
[info] 
[debug] [2020-02-22T19:06:48.184Z] > refreshing access token with scopes: ["email","https://www.googleapis.com/auth/cloud-platform","https://www.googleapis.com/auth/cloudplatformprojects.readonly","https://www.googleapis.com/auth/firebase","openid"]
[debug] [2020-02-22T19:06:48.184Z] >>> HTTP REQUEST POST https://www.googleapis.com/oauth2/v3/token  
 <request body omitted>
[debug] [2020-02-22T19:06:48.502Z] <<< HTTP RESPONSE 200
[debug] [2020-02-22T19:06:48.526Z] >>> HTTP REQUEST GET https://firebase.googleapis.com/v1beta1/projects?pageSize=100  
 
[debug] [2020-02-22T19:06:49.063Z] <<< HTTP RESPONSE 200
[info] i  Using project vuejs-stocktrader-169f0 (Vuejs-StockTrader)
[info] 
=== Hosting Setup
[info] 
[info] Your public directory is the folder (relative to your project directory) that
[info] will contain Hosting assets to be uploaded with firebase deploy. If you
[info] have a build process for your assets, use your build's output directory.
[info] 
[debug] [2020-02-22T19:07:25.621Z] Error: kill ENOSYS
    at process.kill (internal/process/per_thread.js:189:13)
    at process.listener (C:\Users\jikumar\AppData\Roaming\npm\node_modules\firebase-tools\node_modules\signal-exit\index.js:95:15)
    at process.emit (events.js:210:5)
[error] 
[error] Error: An unexpected error has occurred.
